2023-04-03 21:04:05.028  INFO 16424 --- [main] ku.project.ProjectApplication            : Starting ProjectApplication using Java 17.0.6 on DESKTOP-KL8RV23 with PID 16424 (C:\Users\hp\OneDrive - yncréa\Bureau\ISEN\Thailande\Software dev security\Project\software_security_project\software_security_project\target\classes started by hp in C:\Users\hp\OneDrive - yncréa\Bureau\ISEN\Thailande\Software dev security\Project\software_security_project\software_security_project)
2023-04-03 21:04:05.039  INFO 16424 --- [main] ku.project.ProjectApplication            : No active profile set, falling back to 1 default profile: "default"
2023-04-03 21:04:09.764  INFO 16424 --- [main] .s.d.r.c.RepositoryConfigurationDelegate : Bootstrapping Spring Data JPA repositories in DEFAULT mode.
2023-04-03 21:04:10.008  INFO 16424 --- [main] .s.d.r.c.RepositoryConfigurationDelegate : Finished Spring Data repository scanning in 184 ms. Found 2 JPA repository interfaces.
2023-04-03 21:04:12.318  INFO 16424 --- [main] o.s.b.w.embedded.tomcat.TomcatWebServer  : Tomcat initialized with port(s): 8090 (http)
2023-04-03 21:04:12.355  INFO 16424 --- [main] o.apache.catalina.core.StandardService   : Starting service [Tomcat]
2023-04-03 21:04:12.368  INFO 16424 --- [main] org.apache.catalina.core.StandardEngine  : Starting Servlet engine: [Apache Tomcat/9.0.71]
2023-04-03 21:04:13.142  INFO 16424 --- [main] o.a.c.c.C.[Tomcat].[localhost].[/]       : Initializing Spring embedded WebApplicationContext
2023-04-03 21:04:13.186  INFO 16424 --- [main] w.s.c.ServletWebServerApplicationContext : Root WebApplicationContext: initialization completed in 7900 ms
2023-04-03 21:04:14.742  INFO 16424 --- [main] o.hibernate.jpa.internal.util.LogHelper  : HHH000204: Processing PersistenceUnitInfo [name: default]
2023-04-03 21:04:15.013  INFO 16424 --- [main] org.hibernate.Version                    : HHH000412: Hibernate ORM core version 5.6.14.Final
2023-04-03 21:04:15.752  INFO 16424 --- [main] o.hibernate.annotations.common.Version   : HCANN000001: Hibernate Commons Annotations {5.1.2.Final}
2023-04-03 21:04:16.096  INFO 16424 --- [main] com.zaxxer.hikari.HikariDataSource       : HikariPool-1 - Starting...
2023-04-03 21:04:17.142  INFO 16424 --- [main] com.zaxxer.hikari.HikariDataSource       : HikariPool-1 - Start completed.
2023-04-03 21:04:17.239  INFO 16424 --- [main] org.hibernate.dialect.Dialect            : HHH000400: Using dialect: org.hibernate.dialect.MySQL8Dialect
2023-04-03 21:04:20.845  INFO 16424 --- [main] o.h.e.t.j.p.i.JtaPlatformInitiator       : HHH000490: Using JtaPlatform implementation: [org.hibernate.engine.transaction.jta.platform.internal.NoJtaPlatform]
2023-04-03 21:04:20.886  INFO 16424 --- [main] j.LocalContainerEntityManagerFactoryBean : Initialized JPA EntityManagerFactory for persistence unit 'default'
2023-04-03 21:04:25.508  INFO 16424 --- [main] o.s.s.web.DefaultSecurityFilterChain     : Will secure any request with [org.springframework.security.web.session.DisableEncodeUrlFilter@34128fed, org.springframework.security.web.context.request.async.WebAsyncManagerIntegrationFilter@10efb806, org.springframework.security.web.context.SecurityContextPersistenceFilter@60ae950f, org.springframework.security.web.header.HeaderWriterFilter@1b949de4, org.springframework.security.web.csrf.CsrfFilter@1df83569, org.springframework.security.web.authentication.logout.LogoutFilter@122a6078, org.springframework.security.oauth2.client.web.OAuth2AuthorizationRequestRedirectFilter@4f5d7091, org.springframework.security.oauth2.client.web.OAuth2LoginAuthenticationFilter@18b88f7, org.springframework.security.web.authentication.UsernamePasswordAuthenticationFilter@63767d, org.springframework.security.web.savedrequest.RequestCacheAwareFilter@89dd102, org.springframework.security.web.servletapi.SecurityContextHolderAwareRequestFilter@2b826482, org.springframework.security.web.authentication.AnonymousAuthenticationFilter@4dfe56dc, org.springframework.security.web.session.SessionManagementFilter@1dc9e4d2, org.springframework.security.web.access.ExceptionTranslationFilter@3da12ba4, org.springframework.security.web.access.intercept.FilterSecurityInterceptor@554db19d]
2023-04-03 21:04:26.019  WARN 16424 --- [main] JpaBaseConfiguration$JpaWebConfiguration : spring.jpa.open-in-view is enabled by default. Therefore, database queries may be performed during view rendering. Explicitly configure spring.jpa.open-in-view to disable this warning
2023-04-03 21:04:28.363  INFO 16424 --- [main] o.s.b.a.e.web.EndpointLinksResolver      : Exposing 1 endpoint(s) beneath base path '/actuator'
2023-04-03 21:04:28.552  INFO 16424 --- [main] o.s.b.w.embedded.tomcat.TomcatWebServer  : Tomcat started on port(s): 8090 (http) with context path ''
2023-04-03 21:04:28.625  INFO 16424 --- [main] ku.project.ProjectApplication            : Started ProjectApplication in 24.921 seconds (JVM running for 27.287)
